<?xml version="1.0" encoding="UTF-8"?>
<robot generator="Robot 3.1.2 (Python 3.8.2 on win32)" generated="20200410 12:40:52.222" rpa="false">
<suite id="s1" name="GoBear" source="D:\PythonLearning\GoBear\GoBear.robot">
<test id="s1-t1" name="TC001 - Test Excel Data">
<kw name="Open Excel From Path" library="TestKeywords">
<arguments>
<arg>GoBear.xlsx</arg>
<arg>TestData1</arg>
</arguments>
<kw name="Open Excel Document" library="ExcelLibrary">
<doc>Opens xlsx document file.</doc>
<arguments>
<arg>${path}</arg>
<arg>${docId}</arg>
</arguments>
<status status="PASS" starttime="20200410 12:40:53.181" endtime="20200410 12:40:53.193"></status>
</kw>
<kw name="Log To Console" library="BuiltIn">
<doc>Logs the given message to the console.</doc>
<arguments>
<arg>\nExcel Opened</arg>
</arguments>
<status status="PASS" starttime="20200410 12:40:53.193" endtime="20200410 12:40:53.194"></status>
</kw>
<status status="PASS" starttime="20200410 12:40:53.181" endtime="20200410 12:40:53.194"></status>
</kw>
<kw name="Get Data From Excel" library="TestKeywords">
<kw name="Read Excel Cell" library="ExcelLibrary">
<doc>Returns content of a cell.</doc>
<arguments>
<arg>2</arg>
<arg>1</arg>
<arg>Login</arg>
</arguments>
<assign>
<var>${temp}</var>
</assign>
<msg timestamp="20200410 12:40:53.195" level="INFO">${temp} = https://www.gobear.com/ph?x_session_type=UAT</msg>
<status status="PASS" starttime="20200410 12:40:53.195" endtime="20200410 12:40:53.195"></status>
</kw>
<kw name="Set Suite Variable" library="BuiltIn">
<doc>Makes a variable available everywhere within the scope of the current suite.</doc>
<arguments>
<arg>${site}</arg>
<arg>${temp}</arg>
</arguments>
<msg timestamp="20200410 12:40:53.196" level="INFO">${site} = https://www.gobear.com/ph?x_session_type=UAT</msg>
<status status="PASS" starttime="20200410 12:40:53.195" endtime="20200410 12:40:53.196"></status>
</kw>
<kw name="Read Excel Cell" library="ExcelLibrary">
<doc>Returns content of a cell.</doc>
<arguments>
<arg>2</arg>
<arg>2</arg>
<arg>Login</arg>
</arguments>
<assign>
<var>${temp}</var>
</assign>
<msg timestamp="20200410 12:40:53.196" level="INFO">${temp} = edge</msg>
<status status="PASS" starttime="20200410 12:40:53.196" endtime="20200410 12:40:53.196"></status>
</kw>
<kw name="Set Suite Variable" library="BuiltIn">
<doc>Makes a variable available everywhere within the scope of the current suite.</doc>
<arguments>
<arg>${browser}</arg>
<arg>${temp}</arg>
</arguments>
<msg timestamp="20200410 12:40:53.197" level="INFO">${browser} = edge</msg>
<status status="PASS" starttime="20200410 12:40:53.196" endtime="20200410 12:40:53.197"></status>
</kw>
<kw name="Read Excel Cell" library="ExcelLibrary">
<doc>Returns content of a cell.</doc>
<arguments>
<arg>2</arg>
<arg>3</arg>
<arg>Login</arg>
</arguments>
<assign>
<var>${temp}</var>
</assign>
<msg timestamp="20200410 12:40:53.198" level="INFO">${temp} = Compare the best insurance, credit cards, or loans in the Philippines | GoBear</msg>
<status status="PASS" starttime="20200410 12:40:53.197" endtime="20200410 12:40:53.198"></status>
</kw>
<kw name="Set Suite Variable" library="BuiltIn">
<doc>Makes a variable available everywhere within the scope of the current suite.</doc>
<arguments>
<arg>${title}</arg>
<arg>${temp}</arg>
</arguments>
<msg timestamp="20200410 12:40:53.198" level="INFO">${title} = Compare the best insurance, credit cards, or loans in the Philippines | GoBear</msg>
<status status="PASS" starttime="20200410 12:40:53.198" endtime="20200410 12:40:53.198"></status>
</kw>
<status status="PASS" starttime="20200410 12:40:53.195" endtime="20200410 12:40:53.199"></status>
</kw>
<status status="PASS" starttime="20200410 12:40:53.180" endtime="20200410 12:40:53.199" critical="yes"></status>
</test>
<test id="s1-t2" name="TC002 - Test Browser">
<kw name="BrowserTest" library="TestKeywords">
<arguments>
<arg>${site}</arg>
<arg>${browser}</arg>
<arg>${title}</arg>
</arguments>
<kw name="Open Browser" library="SeleniumLibrary">
<doc>Opens a new browser instance to the optional ``url``.</doc>
<arguments>
<arg>${site}</arg>
<arg>${browser}</arg>
</arguments>
<msg timestamp="20200410 12:40:53.204" level="INFO">Opening browser 'edge' to base url 'https://www.gobear.com/ph?x_session_type=UAT'.</msg>
<status status="PASS" starttime="20200410 12:40:53.203" endtime="20200410 12:40:59.807"></status>
</kw>
<kw name="Maximize Browser Window" library="SeleniumLibrary">
<doc>Maximizes current browser window.</doc>
<status status="PASS" starttime="20200410 12:40:59.807" endtime="20200410 12:41:03.985"></status>
</kw>
<kw name="Title Should Be" library="SeleniumLibrary">
<doc>Verifies that the current page title equals ``title``.</doc>
<arguments>
<arg>${title}</arg>
</arguments>
<msg timestamp="20200410 12:41:04.041" level="INFO">Page title is 'Compare the best insurance, credit cards, or loans in the Philippines | GoBear'.</msg>
<status status="PASS" starttime="20200410 12:41:03.985" endtime="20200410 12:41:04.041"></status>
</kw>
<status status="PASS" starttime="20200410 12:40:53.202" endtime="20200410 12:41:04.042"></status>
</kw>
<doc>Opening Browser and Navigating to Site</doc>
<status status="PASS" starttime="20200410 12:40:53.201" endtime="20200410 12:41:04.042" critical="yes"></status>
</test>
<test id="s1-t3" name="TC003 - Choose Insurance Tab">
<kw name="Click Item" library="TestKeywords">
<arguments>
<arg>//a[@href='#Insurance']</arg>
<arg>${timeout}</arg>
</arguments>
<kw name="Wait Element" library="TestKeywords">
<arguments>
<arg>${path}</arg>
<arg>${timeout}</arg>
</arguments>
<kw name="Wait Until Page Contains Element" library="SeleniumLibrary">
<doc>Waits until the element ``locator`` appears on the current page.</doc>
<arguments>
<arg>${locator}</arg>
<arg>${timeout}</arg>
<arg>Element not found | Page not loaded | ${timeout}</arg>
</arguments>
<status status="PASS" starttime="20200410 12:41:04.050" endtime="20200410 12:41:04.090"></status>
</kw>
<status status="PASS" starttime="20200410 12:41:04.050" endtime="20200410 12:41:04.091"></status>
</kw>
<kw name="Click Element" library="SeleniumLibrary">
<doc>Click the element identified by ``locator``.</doc>
<arguments>
<arg>${path}</arg>
</arguments>
<msg timestamp="20200410 12:41:04.091" level="INFO">Clicking element '//a[@href='#Insurance']'.</msg>
<status status="PASS" starttime="20200410 12:41:04.091" endtime="20200410 12:41:04.186"></status>
</kw>
<status status="PASS" starttime="20200410 12:41:04.050" endtime="20200410 12:41:04.186"></status>
</kw>
<kw name="Click Item" library="TestKeywords">
<arguments>
<arg>//a[@href='#Travel']</arg>
<arg>${timeout}</arg>
</arguments>
<kw name="Wait Element" library="TestKeywords">
<arguments>
<arg>${path}</arg>
<arg>${timeout}</arg>
</arguments>
<kw name="Wait Until Page Contains Element" library="SeleniumLibrary">
<doc>Waits until the element ``locator`` appears on the current page.</doc>
<arguments>
<arg>${locator}</arg>
<arg>${timeout}</arg>
<arg>Element not found | Page not loaded | ${timeout}</arg>
</arguments>
<status status="PASS" starttime="20200410 12:41:04.191" endtime="20200410 12:41:04.203"></status>
</kw>
<status status="PASS" starttime="20200410 12:41:04.189" endtime="20200410 12:41:04.203"></status>
</kw>
<kw name="Click Element" library="SeleniumLibrary">
<doc>Click the element identified by ``locator``.</doc>
<arguments>
<arg>${path}</arg>
</arguments>
<msg timestamp="20200410 12:41:04.204" level="INFO">Clicking element '//a[@href='#Travel']'.</msg>
<status status="PASS" starttime="20200410 12:41:04.204" endtime="20200410 12:41:04.363"></status>
</kw>
<status status="PASS" starttime="20200410 12:41:04.188" endtime="20200410 12:41:04.363"></status>
</kw>
<status status="PASS" starttime="20200410 12:41:04.047" endtime="20200410 12:41:04.364" critical="yes"></status>
</test>
<test id="s1-t4" name="TC004 - Choose Trip Type and Travel Plan">
<kw name="Click Item" library="TestKeywords">
<arguments>
<arg>//div[contains(text(),'looking for')]//button</arg>
<arg>${timeout}</arg>
</arguments>
<kw name="Wait Element" library="TestKeywords">
<arguments>
<arg>${path}</arg>
<arg>${timeout}</arg>
</arguments>
<kw name="Wait Until Page Contains Element" library="SeleniumLibrary">
<doc>Waits until the element ``locator`` appears on the current page.</doc>
<arguments>
<arg>${locator}</arg>
<arg>${timeout}</arg>
<arg>Element not found | Page not loaded | ${timeout}</arg>
</arguments>
<status status="PASS" starttime="20200410 12:41:04.369" endtime="20200410 12:41:04.602"></status>
</kw>
<status status="PASS" starttime="20200410 12:41:04.369" endtime="20200410 12:41:04.602"></status>
</kw>
<kw name="Click Element" library="SeleniumLibrary">
<doc>Click the element identified by ``locator``.</doc>
<arguments>
<arg>${path}</arg>
</arguments>
<msg timestamp="20200410 12:41:04.603" level="INFO">Clicking element '//div[contains(text(),'looking for')]//button'.</msg>
<status status="PASS" starttime="20200410 12:41:04.602" endtime="20200410 12:41:04.692"></status>
</kw>
<status status="PASS" starttime="20200410 12:41:04.368" endtime="20200410 12:41:04.692"></status>
</kw>
<kw name="Set Variable" library="BuiltIn">
<doc>Returns the given values which can then be assigned to a variables.</doc>
<arguments>
<arg>single trip</arg>
</arguments>
<assign>
<var>${trip-type}</var>
</assign>
<msg timestamp="20200410 12:41:04.694" level="INFO">${trip-type} = single trip</msg>
<status status="PASS" starttime="20200410 12:41:04.693" endtime="20200410 12:41:04.694"></status>
</kw>
<kw name="Choose Item From Dropdown List" library="TestKeywords">
<doc>Choosing Item from Dropdown List</doc>
<arguments>
<arg>//span[contains(text(), '${trip-type}')]//following::link</arg>
<arg>${timeout}</arg>
</arguments>
<kw name="Wait Until Page Contains Element" library="SeleniumLibrary">
<doc>Waits until the element ``locator`` appears on the current page.</doc>
<arguments>
<arg>${path}</arg>
<arg>${timeout}</arg>
<arg>Element not found | Page not loaded | ${timeout}</arg>
</arguments>
<status status="PASS" starttime="20200410 12:41:04.694" endtime="20200410 12:41:05.022"></status>
</kw>
<kw name="Click Element" library="SeleniumLibrary">
<doc>Click the element identified by ``locator``.</doc>
<arguments>
<arg>${path}</arg>
</arguments>
<msg timestamp="20200410 12:41:05.023" level="INFO">Clicking element '//span[contains(text(), 'single trip')]//following::link'.</msg>
<status status="PASS" starttime="20200410 12:41:05.023" endtime="20200410 12:41:05.098"></status>
</kw>
<status status="PASS" starttime="20200410 12:41:04.694" endtime="20200410 12:41:05.098"></status>
</kw>
<kw name="Click Item" library="TestKeywords">
<arguments>
<arg>//div[@data-gb-name='traveller']//button</arg>
<arg>${timeout}</arg>
</arguments>
<kw name="Wait Element" library="TestKeywords">
<arguments>
<arg>${path}</arg>
<arg>${timeout}</arg>
</arguments>
<kw name="Wait Until Page Contains Element" library="SeleniumLibrary">
<doc>Waits until the element ``locator`` appears on the current page.</doc>
<arguments>
<arg>${locator}</arg>
<arg>${timeout}</arg>
<arg>Element not found | Page not loaded | ${timeout}</arg>
</arguments>
<status status="PASS" starttime="20200410 12:41:05.100" endtime="20200410 12:41:05.138"></status>
</kw>
<status status="PASS" starttime="20200410 12:41:05.100" endtime="20200410 12:41:05.139"></status>
</kw>
<kw name="Click Element" library="SeleniumLibrary">
<doc>Click the element identified by ``locator``.</doc>
<arguments>
<arg>${path}</arg>
</arguments>
<msg timestamp="20200410 12:41:05.139" level="INFO">Clicking element '//div[@data-gb-name='traveller']//button'.</msg>
<status status="PASS" starttime="20200410 12:41:05.139" endtime="20200410 12:41:05.229"></status>
</kw>
<status status="PASS" starttime="20200410 12:41:05.099" endtime="20200410 12:41:05.230"></status>
</kw>
<kw name="Set Variable" library="BuiltIn">
<doc>Returns the given values which can then be assigned to a variables.</doc>
<arguments>
<arg>just me</arg>
</arguments>
<assign>
<var>${travel-plan}</var>
</assign>
<msg timestamp="20200410 12:41:05.231" level="INFO">${travel-plan} = just me</msg>
<status status="PASS" starttime="20200410 12:41:05.231" endtime="20200410 12:41:05.232"></status>
</kw>
<kw name="Choose Item From Dropdown List" library="TestKeywords">
<doc>Choosing Item from Dropdown List</doc>
<arguments>
<arg>//span[contains(text(), '${travel-plan}')]//following::link</arg>
<arg>${timeout}</arg>
</arguments>
<kw name="Wait Until Page Contains Element" library="SeleniumLibrary">
<doc>Waits until the element ``locator`` appears on the current page.</doc>
<arguments>
<arg>${path}</arg>
<arg>${timeout}</arg>
<arg>Element not found | Page not loaded | ${timeout}</arg>
</arguments>
<status status="PASS" starttime="20200410 12:41:05.233" endtime="20200410 12:41:05.271"></status>
</kw>
<kw name="Click Element" library="SeleniumLibrary">
<doc>Click the element identified by ``locator``.</doc>
<arguments>
<arg>${path}</arg>
</arguments>
<msg timestamp="20200410 12:41:05.272" level="INFO">Clicking element '//span[contains(text(), 'just me')]//following::link'.</msg>
<status status="PASS" starttime="20200410 12:41:05.271" endtime="20200410 12:41:05.336"></status>
</kw>
<status status="PASS" starttime="20200410 12:41:05.232" endtime="20200410 12:41:05.336"></status>
</kw>
<kw name="Click Item" library="TestKeywords">
<arguments>
<arg>//div[contains(text(),'going to')]//button</arg>
<arg>${timeout}</arg>
</arguments>
<kw name="Wait Element" library="TestKeywords">
<arguments>
<arg>${path}</arg>
<arg>${timeout}</arg>
</arguments>
<kw name="Wait Until Page Contains Element" library="SeleniumLibrary">
<doc>Waits until the element ``locator`` appears on the current page.</doc>
<arguments>
<arg>${locator}</arg>
<arg>${timeout}</arg>
<arg>Element not found | Page not loaded | ${timeout}</arg>
</arguments>
<status status="PASS" starttime="20200410 12:41:05.338" endtime="20200410 12:41:05.362"></status>
</kw>
<status status="PASS" starttime="20200410 12:41:05.338" endtime="20200410 12:41:05.362"></status>
</kw>
<kw name="Click Element" library="SeleniumLibrary">
<doc>Click the element identified by ``locator``.</doc>
<arguments>
<arg>${path}</arg>
</arguments>
<msg timestamp="20200410 12:41:05.363" level="INFO">Clicking element '//div[contains(text(),'going to')]//button'.</msg>
<status status="PASS" starttime="20200410 12:41:05.362" endtime="20200410 12:41:05.502"></status>
</kw>
<status status="PASS" starttime="20200410 12:41:05.337" endtime="20200410 12:41:05.502"></status>
</kw>
<kw name="Set Variable" library="BuiltIn">
<doc>Returns the given values which can then be assigned to a variables.</doc>
<arguments>
<arg>Philippines</arg>
</arguments>
<assign>
<var>${country}</var>
</assign>
<msg timestamp="20200410 12:41:05.504" level="INFO">${country} = Philippines</msg>
<status status="PASS" starttime="20200410 12:41:05.503" endtime="20200410 12:41:05.504"></status>
</kw>
<kw name="Choose Item From Dropdown List" library="TestKeywords">
<doc>Choosing Item from Dropdown List</doc>
<arguments>
<arg>//span[contains(text(), '${country}')]//following::link</arg>
<arg>${timeout}</arg>
</arguments>
<kw name="Wait Until Page Contains Element" library="SeleniumLibrary">
<doc>Waits until the element ``locator`` appears on the current page.</doc>
<arguments>
<arg>${path}</arg>
<arg>${timeout}</arg>
<arg>Element not found | Page not loaded | ${timeout}</arg>
</arguments>
<status status="PASS" starttime="20200410 12:41:05.505" endtime="20200410 12:41:05.533"></status>
</kw>
<kw name="Click Element" library="SeleniumLibrary">
<doc>Click the element identified by ``locator``.</doc>
<arguments>
<arg>${path}</arg>
</arguments>
<msg timestamp="20200410 12:41:05.533" level="INFO">Clicking element '//span[contains(text(), 'Philippines')]//following::link'.</msg>
<status status="PASS" starttime="20200410 12:41:05.533" endtime="20200410 12:41:05.662"></status>
</kw>
<status status="PASS" starttime="20200410 12:41:05.505" endtime="20200410 12:41:05.662"></status>
</kw>
<kw name="Set Variable" library="BuiltIn">
<doc>Returns the given values which can then be assigned to a variables.</doc>
<arguments>
<arg>23</arg>
</arguments>
<assign>
<var>${date-from}</var>
</assign>
<msg timestamp="20200410 12:41:05.664" level="INFO">${date-from} = 23</msg>
<status status="PASS" starttime="20200410 12:41:05.663" endtime="20200410 12:41:05.664"></status>
</kw>
<kw name="Set Variable" library="BuiltIn">
<doc>Returns the given values which can then be assigned to a variables.</doc>
<arguments>
<arg>30</arg>
</arguments>
<assign>
<var>${date-to}</var>
</assign>
<msg timestamp="20200410 12:41:05.665" level="INFO">${date-to} = 30</msg>
<status status="PASS" starttime="20200410 12:41:05.665" endtime="20200410 12:41:05.665"></status>
</kw>
<kw name="Click Item" library="TestKeywords">
<arguments>
<arg>//div[@class='date-from']</arg>
<arg>10s</arg>
</arguments>
<kw name="Wait Element" library="TestKeywords">
<arguments>
<arg>${path}</arg>
<arg>${timeout}</arg>
</arguments>
<kw name="Wait Until Page Contains Element" library="SeleniumLibrary">
<doc>Waits until the element ``locator`` appears on the current page.</doc>
<arguments>
<arg>${locator}</arg>
<arg>${timeout}</arg>
<arg>Element not found | Page not loaded | ${timeout}</arg>
</arguments>
<status status="PASS" starttime="20200410 12:41:05.666" endtime="20200410 12:41:05.683"></status>
</kw>
<status status="PASS" starttime="20200410 12:41:05.666" endtime="20200410 12:41:05.684"></status>
</kw>
<kw name="Click Element" library="SeleniumLibrary">
<doc>Click the element identified by ``locator``.</doc>
<arguments>
<arg>${path}</arg>
</arguments>
<msg timestamp="20200410 12:41:05.684" level="INFO">Clicking element '//div[@class='date-from']'.</msg>
<status status="PASS" starttime="20200410 12:41:05.684" endtime="20200410 12:41:05.792"></status>
</kw>
<status status="PASS" starttime="20200410 12:41:05.665" endtime="20200410 12:41:05.792"></status>
</kw>
<kw name="Click Item" library="TestKeywords">
<arguments>
<arg>//tbody//td[(text()='29' and @class!='old disabled day') and (text()='29' and @class!='new day') and (text()='29' and @class!='old day')]</arg>
<arg>10s</arg>
</arguments>
<kw name="Wait Element" library="TestKeywords">
<arguments>
<arg>${path}</arg>
<arg>${timeout}</arg>
</arguments>
<kw name="Wait Until Page Contains Element" library="SeleniumLibrary">
<doc>Waits until the element ``locator`` appears on the current page.</doc>
<arguments>
<arg>${locator}</arg>
<arg>${timeout}</arg>
<arg>Element not found | Page not loaded | ${timeout}</arg>
</arguments>
<status status="PASS" starttime="20200410 12:41:05.793" endtime="20200410 12:41:05.814"></status>
</kw>
<status status="PASS" starttime="20200410 12:41:05.793" endtime="20200410 12:41:05.814"></status>
</kw>
<kw name="Click Element" library="SeleniumLibrary">
<doc>Click the element identified by ``locator``.</doc>
<arguments>
<arg>${path}</arg>
</arguments>
<msg timestamp="20200410 12:41:05.814" level="INFO">Clicking element '//tbody//td[(text()='29' and @class!='old disabled day') and (text()='29' and @class!='new day') and (text()='29' and @class!='old day')]'.</msg>
<status status="PASS" starttime="20200410 12:41:05.814" endtime="20200410 12:41:05.964"></status>
</kw>
<status status="PASS" starttime="20200410 12:41:05.793" endtime="20200410 12:41:05.964"></status>
</kw>
<kw name="Click Item" library="TestKeywords">
<arguments>
<arg>//div[@class='date-to']</arg>
<arg>10s</arg>
</arguments>
<kw name="Wait Element" library="TestKeywords">
<arguments>
<arg>${path}</arg>
<arg>${timeout}</arg>
</arguments>
<kw name="Wait Until Page Contains Element" library="SeleniumLibrary">
<doc>Waits until the element ``locator`` appears on the current page.</doc>
<arguments>
<arg>${locator}</arg>
<arg>${timeout}</arg>
<arg>Element not found | Page not loaded | ${timeout}</arg>
</arguments>
<status status="PASS" starttime="20200410 12:41:05.965" endtime="20200410 12:41:05.983"></status>
</kw>
<status status="PASS" starttime="20200410 12:41:05.965" endtime="20200410 12:41:05.983"></status>
</kw>
<kw name="Click Element" library="SeleniumLibrary">
<doc>Click the element identified by ``locator``.</doc>
<arguments>
<arg>${path}</arg>
</arguments>
<msg timestamp="20200410 12:41:05.983" level="INFO">Clicking element '//div[@class='date-to']'.</msg>
<status status="PASS" starttime="20200410 12:41:05.983" endtime="20200410 12:41:06.102"></status>
</kw>
<status status="PASS" starttime="20200410 12:41:05.965" endtime="20200410 12:41:06.103"></status>
</kw>
<kw name="Click Item" library="TestKeywords">
<arguments>
<arg>//tbody//td[(text()='29' and @class!='old disabled day') and (text()='29' and @class!='new day') and (text()='29' and @class!='old day')]</arg>
<arg>10s</arg>
</arguments>
<kw name="Wait Element" library="TestKeywords">
<arguments>
<arg>${path}</arg>
<arg>${timeout}</arg>
</arguments>
<kw name="Wait Until Page Contains Element" library="SeleniumLibrary">
<doc>Waits until the element ``locator`` appears on the current page.</doc>
<arguments>
<arg>${locator}</arg>
<arg>${timeout}</arg>
<arg>Element not found | Page not loaded | ${timeout}</arg>
</arguments>
<status status="PASS" starttime="20200410 12:41:06.108" endtime="20200410 12:41:06.129"></status>
</kw>
<status status="PASS" starttime="20200410 12:41:06.106" endtime="20200410 12:41:06.130"></status>
</kw>
<kw name="Click Element" library="SeleniumLibrary">
<doc>Click the element identified by ``locator``.</doc>
<arguments>
<arg>${path}</arg>
</arguments>
<msg timestamp="20200410 12:41:06.131" level="INFO">Clicking element '//tbody//td[(text()='29' and @class!='old disabled day') and (text()='29' and @class!='new day') and (text()='29' and @class!='old day')]'.</msg>
<status status="PASS" starttime="20200410 12:41:06.130" endtime="20200410 12:41:06.215"></status>
</kw>
<status status="PASS" starttime="20200410 12:41:06.104" endtime="20200410 12:41:06.215"></status>
</kw>
<status status="PASS" starttime="20200410 12:41:04.367" endtime="20200410 12:41:06.216" critical="yes"></status>
</test>
<test id="s1-t5" name="TC005 - Search Insurance">
<kw name="Click Item" library="TestKeywords">
<arguments>
<arg>//button[contains(text(),'Show my results')]</arg>
<arg>${timeout}</arg>
</arguments>
<kw name="Wait Element" library="TestKeywords">
<arguments>
<arg>${path}</arg>
<arg>${timeout}</arg>
</arguments>
<kw name="Wait Until Page Contains Element" library="SeleniumLibrary">
<doc>Waits until the element ``locator`` appears on the current page.</doc>
<arguments>
<arg>${locator}</arg>
<arg>${timeout}</arg>
<arg>Element not found | Page not loaded | ${timeout}</arg>
</arguments>
<status status="PASS" starttime="20200410 12:41:06.224" endtime="20200410 12:41:06.242"></status>
</kw>
<status status="PASS" starttime="20200410 12:41:06.224" endtime="20200410 12:41:06.242"></status>
</kw>
<kw name="Click Element" library="SeleniumLibrary">
<doc>Click the element identified by ``locator``.</doc>
<arguments>
<arg>${path}</arg>
</arguments>
<msg timestamp="20200410 12:41:06.243" level="INFO">Clicking element '//button[contains(text(),'Show my results')]'.</msg>
<status status="PASS" starttime="20200410 12:41:06.242" endtime="20200410 12:41:06.425"></status>
</kw>
<status status="PASS" starttime="20200410 12:41:06.222" endtime="20200410 12:41:06.426"></status>
</kw>
<kw name="Sleep" library="BuiltIn">
<doc>Pauses the test executed for the given time.</doc>
<arguments>
<arg>5s</arg>
</arguments>
<msg timestamp="20200410 12:41:11.428" level="INFO">Slept 5 seconds</msg>
<status status="PASS" starttime="20200410 12:41:06.427" endtime="20200410 12:41:11.428"></status>
</kw>
<status status="PASS" starttime="20200410 12:41:06.221" endtime="20200410 12:41:11.428" critical="yes"></status>
</test>
<test id="s1-t6" name="TC006 - Filter Insurers">
<kw name="Set Variable" library="BuiltIn">
<doc>Returns the given values which can then be assigned to a variables.</doc>
<arguments>
<arg>FPG Insurance</arg>
</arguments>
<assign>
<var>${insurers}</var>
</assign>
<msg timestamp="20200410 12:41:11.434" level="INFO">${insurers} = FPG Insurance</msg>
<status status="PASS" starttime="20200410 12:41:11.433" endtime="20200410 12:41:11.434"></status>
</kw>
<kw name="Click Item" library="TestKeywords">
<arguments>
<arg>//label[contains(text(),'${insurers}')]</arg>
<arg>${timeout}</arg>
</arguments>
<kw name="Wait Element" library="TestKeywords">
<arguments>
<arg>${path}</arg>
<arg>${timeout}</arg>
</arguments>
<kw name="Wait Until Page Contains Element" library="SeleniumLibrary">
<doc>Waits until the element ``locator`` appears on the current page.</doc>
<arguments>
<arg>${locator}</arg>
<arg>${timeout}</arg>
<arg>Element not found | Page not loaded | ${timeout}</arg>
</arguments>
<status status="PASS" starttime="20200410 12:41:11.435" endtime="20200410 12:41:11.464"></status>
</kw>
<status status="PASS" starttime="20200410 12:41:11.435" endtime="20200410 12:41:11.465"></status>
</kw>
<kw name="Click Element" library="SeleniumLibrary">
<doc>Click the element identified by ``locator``.</doc>
<arguments>
<arg>${path}</arg>
</arguments>
<msg timestamp="20200410 12:41:11.465" level="INFO">Clicking element '//label[contains(text(),'FPG Insurance')]'.</msg>
<status status="PASS" starttime="20200410 12:41:11.465" endtime="20200410 12:41:11.613"></status>
</kw>
<status status="PASS" starttime="20200410 12:41:11.435" endtime="20200410 12:41:11.613"></status>
</kw>
<kw name="Checkbox Should Be Selected" library="SeleniumLibrary">
<doc>Verifies checkbox ``locator`` is selected/checked.</doc>
<arguments>
<arg>//label[contains(text(),'${insurers}')]//preceding::input[@type='checkbox']</arg>
</arguments>
<msg timestamp="20200410 12:41:11.614" level="INFO">Verifying checkbox '//label[contains(text(),'FPG Insurance')]//preceding::input[@type='checkbox']' is selected.</msg>
<status status="PASS" starttime="20200410 12:41:11.614" endtime="20200410 12:41:11.662"></status>
</kw>
<kw name="Click Item" library="TestKeywords">
<arguments>
<arg>//a[contains(text(),'SEE MORE')]//link</arg>
<arg>${timeout}</arg>
</arguments>
<kw name="Wait Element" library="TestKeywords">
<arguments>
<arg>${path}</arg>
<arg>${timeout}</arg>
</arguments>
<kw name="Wait Until Page Contains Element" library="SeleniumLibrary">
<doc>Waits until the element ``locator`` appears on the current page.</doc>
<arguments>
<arg>${locator}</arg>
<arg>${timeout}</arg>
<arg>Element not found | Page not loaded | ${timeout}</arg>
</arguments>
<status status="PASS" starttime="20200410 12:41:11.664" endtime="20200410 12:41:11.681"></status>
</kw>
<status status="PASS" starttime="20200410 12:41:11.664" endtime="20200410 12:41:11.681"></status>
</kw>
<kw name="Click Element" library="SeleniumLibrary">
<doc>Click the element identified by ``locator``.</doc>
<arguments>
<arg>${path}</arg>
</arguments>
<msg timestamp="20200410 12:41:11.682" level="INFO">Clicking element '//a[contains(text(),'SEE MORE')]//link'.</msg>
<status status="PASS" starttime="20200410 12:41:11.681" endtime="20200410 12:41:11.780"></status>
</kw>
<status status="PASS" starttime="20200410 12:41:11.663" endtime="20200410 12:41:11.780"></status>
</kw>
<status status="PASS" starttime="20200410 12:41:11.432" endtime="20200410 12:41:11.781" critical="yes"></status>
</test>
<test id="s1-t7" name="TC007 - Sort Insurers">
<kw name="Set Variable" library="BuiltIn">
<doc>Returns the given values which can then be assigned to a variables.</doc>
<arguments>
<arg>Price: Low to high</arg>
</arguments>
<assign>
<var>${sort-by}</var>
</assign>
<msg timestamp="20200410 12:41:11.784" level="INFO">${sort-by} = Price: Low to high</msg>
<status status="PASS" starttime="20200410 12:41:11.784" endtime="20200410 12:41:11.784"></status>
</kw>
<kw name="Click Item" library="TestKeywords">
<arguments>
<arg>//input//following::label[contains(text(),'${sort-by}')]</arg>
<arg>${timeout}</arg>
</arguments>
<kw name="Wait Element" library="TestKeywords">
<arguments>
<arg>${path}</arg>
<arg>${timeout}</arg>
</arguments>
<kw name="Wait Until Page Contains Element" library="SeleniumLibrary">
<doc>Waits until the element ``locator`` appears on the current page.</doc>
<arguments>
<arg>${locator}</arg>
<arg>${timeout}</arg>
<arg>Element not found | Page not loaded | ${timeout}</arg>
</arguments>
<status status="PASS" starttime="20200410 12:41:11.786" endtime="20200410 12:41:11.817"></status>
</kw>
<status status="PASS" starttime="20200410 12:41:11.785" endtime="20200410 12:41:11.817"></status>
</kw>
<kw name="Click Element" library="SeleniumLibrary">
<doc>Click the element identified by ``locator``.</doc>
<arguments>
<arg>${path}</arg>
</arguments>
<msg timestamp="20200410 12:41:11.817" level="INFO">Clicking element '//input//following::label[contains(text(),'Price: Low to high')]'.</msg>
<status status="PASS" starttime="20200410 12:41:11.817" endtime="20200410 12:41:11.952"></status>
</kw>
<status status="PASS" starttime="20200410 12:41:11.785" endtime="20200410 12:41:11.952"></status>
</kw>
<status status="PASS" starttime="20200410 12:41:11.783" endtime="20200410 12:41:11.953" critical="yes"></status>
</test>
<test id="s1-t8" name="TC008 - Detailed Insurers">
<kw name="Set Variable" library="BuiltIn">
<doc>Returns the given values which can then be assigned to a variables.</doc>
<arguments>
<arg>18</arg>
</arguments>
<assign>
<var>${date-from}</var>
</assign>
<msg timestamp="20200410 12:41:11.961" level="INFO">${date-from} = 18</msg>
<status status="PASS" starttime="20200410 12:41:11.961" endtime="20200410 12:41:11.962"></status>
</kw>
<kw name="Set Variable" library="BuiltIn">
<doc>Returns the given values which can then be assigned to a variables.</doc>
<arguments>
<arg>27</arg>
</arguments>
<assign>
<var>${date-to}</var>
</assign>
<msg timestamp="20200410 12:41:11.963" level="INFO">${date-to} = 27</msg>
<status status="PASS" starttime="20200410 12:41:11.962" endtime="20200410 12:41:11.963"></status>
</kw>
<kw name="Click Item" library="TestKeywords">
<arguments>
<arg>//div[@class='date-from']</arg>
<arg>10s</arg>
</arguments>
<kw name="Wait Element" library="TestKeywords">
<arguments>
<arg>${path}</arg>
<arg>${timeout}</arg>
</arguments>
<kw name="Wait Until Page Contains Element" library="SeleniumLibrary">
<doc>Waits until the element ``locator`` appears on the current page.</doc>
<arguments>
<arg>${locator}</arg>
<arg>${timeout}</arg>
<arg>Element not found | Page not loaded | ${timeout}</arg>
</arguments>
<status status="PASS" starttime="20200410 12:41:11.964" endtime="20200410 12:41:11.984"></status>
</kw>
<status status="PASS" starttime="20200410 12:41:11.963" endtime="20200410 12:41:11.984"></status>
</kw>
<kw name="Click Element" library="SeleniumLibrary">
<doc>Click the element identified by ``locator``.</doc>
<arguments>
<arg>${path}</arg>
</arguments>
<msg timestamp="20200410 12:41:11.985" level="INFO">Clicking element '//div[@class='date-from']'.</msg>
<status status="PASS" starttime="20200410 12:41:11.984" endtime="20200410 12:41:12.377"></status>
</kw>
<status status="PASS" starttime="20200410 12:41:11.963" endtime="20200410 12:41:12.377"></status>
</kw>
<kw name="Click Item" library="TestKeywords">
<arguments>
<arg>//tbody//td[(text()='29' and @class!='old disabled day') and (text()='29' and @class!='new day') and (text()='29' and @class!='old day')]</arg>
<arg>10s</arg>
</arguments>
<kw name="Wait Element" library="TestKeywords">
<arguments>
<arg>${path}</arg>
<arg>${timeout}</arg>
</arguments>
<kw name="Wait Until Page Contains Element" library="SeleniumLibrary">
<doc>Waits until the element ``locator`` appears on the current page.</doc>
<arguments>
<arg>${locator}</arg>
<arg>${timeout}</arg>
<arg>Element not found | Page not loaded | ${timeout}</arg>
</arguments>
<status status="PASS" starttime="20200410 12:41:12.378" endtime="20200410 12:41:12.389"></status>
</kw>
<status status="PASS" starttime="20200410 12:41:12.377" endtime="20200410 12:41:12.389"></status>
</kw>
<kw name="Click Element" library="SeleniumLibrary">
<doc>Click the element identified by ``locator``.</doc>
<arguments>
<arg>${path}</arg>
</arguments>
<msg timestamp="20200410 12:41:12.390" level="INFO">Clicking element '//tbody//td[(text()='29' and @class!='old disabled day') and (text()='29' and @class!='new day') and (text()='29' and @class!='old day')]'.</msg>
<status status="PASS" starttime="20200410 12:41:12.389" endtime="20200410 12:41:12.512"></status>
</kw>
<status status="PASS" starttime="20200410 12:41:12.377" endtime="20200410 12:41:12.512"></status>
</kw>
<kw name="Click Item" library="TestKeywords">
<arguments>
<arg>//div[@class='date-to']</arg>
<arg>10s</arg>
</arguments>
<kw name="Wait Element" library="TestKeywords">
<arguments>
<arg>${path}</arg>
<arg>${timeout}</arg>
</arguments>
<kw name="Wait Until Page Contains Element" library="SeleniumLibrary">
<doc>Waits until the element ``locator`` appears on the current page.</doc>
<arguments>
<arg>${locator}</arg>
<arg>${timeout}</arg>
<arg>Element not found | Page not loaded | ${timeout}</arg>
</arguments>
<status status="PASS" starttime="20200410 12:41:12.515" endtime="20200410 12:41:12.533"></status>
</kw>
<status status="PASS" starttime="20200410 12:41:12.515" endtime="20200410 12:41:12.533"></status>
</kw>
<kw name="Click Element" library="SeleniumLibrary">
<doc>Click the element identified by ``locator``.</doc>
<arguments>
<arg>${path}</arg>
</arguments>
<msg timestamp="20200410 12:41:12.534" level="INFO">Clicking element '//div[@class='date-to']'.</msg>
<status status="PASS" starttime="20200410 12:41:12.534" endtime="20200410 12:41:12.634"></status>
</kw>
<status status="PASS" starttime="20200410 12:41:12.513" endtime="20200410 12:41:12.634"></status>
</kw>
<kw name="Click Item" library="TestKeywords">
<arguments>
<arg>//tbody//td[(text()='29' and @class!='old disabled day') and (text()='29' and @class!='new day') and (text()='29' and @class!='old day')]</arg>
<arg>10s</arg>
</arguments>
<kw name="Wait Element" library="TestKeywords">
<arguments>
<arg>${path}</arg>
<arg>${timeout}</arg>
</arguments>
<kw name="Wait Until Page Contains Element" library="SeleniumLibrary">
<doc>Waits until the element ``locator`` appears on the current page.</doc>
<arguments>
<arg>${locator}</arg>
<arg>${timeout}</arg>
<arg>Element not found | Page not loaded | ${timeout}</arg>
</arguments>
<status status="PASS" starttime="20200410 12:41:12.636" endtime="20200410 12:41:12.648"></status>
</kw>
<status status="PASS" starttime="20200410 12:41:12.635" endtime="20200410 12:41:12.648"></status>
</kw>
<kw name="Click Element" library="SeleniumLibrary">
<doc>Click the element identified by ``locator``.</doc>
<arguments>
<arg>${path}</arg>
</arguments>
<msg timestamp="20200410 12:41:12.649" level="INFO">Clicking element '//tbody//td[(text()='29' and @class!='old disabled day') and (text()='29' and @class!='new day') and (text()='29' and @class!='old day')]'.</msg>
<status status="PASS" starttime="20200410 12:41:12.648" endtime="20200410 12:41:12.733"></status>
</kw>
<status status="PASS" starttime="20200410 12:41:12.635" endtime="20200410 12:41:12.733"></status>
</kw>
<kw name="Click Item" library="TestKeywords">
<arguments>
<arg>//div[label[contains(text(),'DESTINATION')]]//following::button</arg>
<arg>${timeout}</arg>
</arguments>
<kw name="Wait Element" library="TestKeywords">
<arguments>
<arg>${path}</arg>
<arg>${timeout}</arg>
</arguments>
<kw name="Wait Until Page Contains Element" library="SeleniumLibrary">
<doc>Waits until the element ``locator`` appears on the current page.</doc>
<arguments>
<arg>${locator}</arg>
<arg>${timeout}</arg>
<arg>Element not found | Page not loaded | ${timeout}</arg>
</arguments>
<status status="PASS" starttime="20200410 12:41:12.736" endtime="20200410 12:41:12.790"></status>
</kw>
<status status="PASS" starttime="20200410 12:41:12.735" endtime="20200410 12:41:12.790"></status>
</kw>
<kw name="Click Element" library="SeleniumLibrary">
<doc>Click the element identified by ``locator``.</doc>
<arguments>
<arg>${path}</arg>
</arguments>
<msg timestamp="20200410 12:41:12.790" level="INFO">Clicking element '//div[label[contains(text(),'DESTINATION')]]//following::button'.</msg>
<status status="PASS" starttime="20200410 12:41:12.790" endtime="20200410 12:41:12.947"></status>
</kw>
<status status="PASS" starttime="20200410 12:41:12.735" endtime="20200410 12:41:12.947"></status>
</kw>
<kw name="Set Variable" library="BuiltIn">
<doc>Returns the given values which can then be assigned to a variables.</doc>
<arguments>
<arg>Thailand</arg>
</arguments>
<assign>
<var>${country}</var>
</assign>
<msg timestamp="20200410 12:41:12.948" level="INFO">${country} = Thailand</msg>
<status status="PASS" starttime="20200410 12:41:12.948" endtime="20200410 12:41:12.948"></status>
</kw>
<kw name="Choose Item From Dropdown List" library="TestKeywords">
<doc>Choosing Item from Dropdown List</doc>
<arguments>
<arg>//span[contains(text(), '${country}')]//following::link</arg>
<arg>${timeout}</arg>
</arguments>
<kw name="Wait Until Page Contains Element" library="SeleniumLibrary">
<doc>Waits until the element ``locator`` appears on the current page.</doc>
<arguments>
<arg>${path}</arg>
<arg>${timeout}</arg>
<arg>Element not found | Page not loaded | ${timeout}</arg>
</arguments>
<status status="PASS" starttime="20200410 12:41:12.950" endtime="20200410 12:41:12.980"></status>
</kw>
<kw name="Click Element" library="SeleniumLibrary">
<doc>Click the element identified by ``locator``.</doc>
<arguments>
<arg>${path}</arg>
</arguments>
<msg timestamp="20200410 12:41:12.981" level="INFO">Clicking element '//span[contains(text(), 'Thailand')]//following::link'.</msg>
<status status="PASS" starttime="20200410 12:41:12.980" endtime="20200410 12:41:13.131"></status>
</kw>
<status status="PASS" starttime="20200410 12:41:12.949" endtime="20200410 12:41:13.131"></status>
</kw>
<status status="PASS" starttime="20200410 12:41:11.960" endtime="20200410 12:41:13.133" critical="yes"></status>
</test>
<kw name="Suite Teardown" library="TestKeywords" type="teardown">
<doc>Deleting Cookies and Closing Browser</doc>
<kw name="Delete All Cookies" library="SeleniumLibrary">
<doc>Deletes all cookies.</doc>
<status status="PASS" starttime="20200410 12:41:13.140" endtime="20200410 12:41:14.021"></status>
</kw>
<kw name="Close Browser" library="SeleniumLibrary">
<doc>Closes the current browser.</doc>
<status status="PASS" starttime="20200410 12:41:14.021" endtime="20200410 12:41:16.233"></status>
</kw>
<status status="PASS" starttime="20200410 12:41:13.139" endtime="20200410 12:41:16.233"></status>
</kw>
<status status="PASS" starttime="20200410 12:40:52.223" endtime="20200410 12:41:16.233"></status>
</suite>
<statistics>
<total>
<stat pass="8" fail="0">Critical Tests</stat>
<stat pass="8" fail="0">All Tests</stat>
</total>
<tag>
</tag>
<suite>
<stat pass="8" fail="0" id="s1" name="GoBear">GoBear</stat>
</suite>
</statistics>
<errors>
</errors>
</robot>
