<?xml version="1.0" encoding="UTF-8"?>
<robot generator="Robot 3.1.2 (Python 3.8.2 on win32)" generated="20200410 15:38:27.969" rpa="false">
<suite id="s1" name="GoBear" source="D:\PythonLearning\GoBear\GoBear.robot">
<test id="s1-t1" name="TC001 - Test Excel Data">
<kw name="Open Excel From Path" library="TestKeywords">
<arguments>
<arg>GoBear.xlsx</arg>
<arg>TestData1</arg>
</arguments>
<kw name="Open Excel Document" library="ExcelLibrary">
<doc>Opens xlsx document file.</doc>
<arguments>
<arg>${path}</arg>
<arg>${docId}</arg>
</arguments>
<status status="PASS" starttime="20200410 15:38:28.867" endtime="20200410 15:38:28.875"></status>
</kw>
<kw name="Log To Console" library="BuiltIn">
<doc>Logs the given message to the console.</doc>
<arguments>
<arg>\nExcel Opened</arg>
</arguments>
<status status="PASS" starttime="20200410 15:38:28.875" endtime="20200410 15:38:28.914"></status>
</kw>
<status status="PASS" starttime="20200410 15:38:28.867" endtime="20200410 15:38:28.914"></status>
</kw>
<kw name="Get Data From Excel" library="TestKeywords">
<kw name="Read Excel Cell" library="ExcelLibrary">
<doc>Returns content of a cell.</doc>
<arguments>
<arg>2</arg>
<arg>1</arg>
<arg>Login</arg>
</arguments>
<assign>
<var>${temp}</var>
</assign>
<msg timestamp="20200410 15:38:28.916" level="INFO">${temp} = https://www.gobear.com/ph?x_session_type=UAT</msg>
<status status="PASS" starttime="20200410 15:38:28.915" endtime="20200410 15:38:28.916"></status>
</kw>
<kw name="Set Suite Variable" library="BuiltIn">
<doc>Makes a variable available everywhere within the scope of the current suite.</doc>
<arguments>
<arg>${site}</arg>
<arg>${temp}</arg>
</arguments>
<msg timestamp="20200410 15:38:28.916" level="INFO">${site} = https://www.gobear.com/ph?x_session_type=UAT</msg>
<status status="PASS" starttime="20200410 15:38:28.916" endtime="20200410 15:38:28.916"></status>
</kw>
<kw name="Read Excel Cell" library="ExcelLibrary">
<doc>Returns content of a cell.</doc>
<arguments>
<arg>2</arg>
<arg>2</arg>
<arg>Login</arg>
</arguments>
<assign>
<var>${temp}</var>
</assign>
<msg timestamp="20200410 15:38:28.917" level="INFO">${temp} = edge</msg>
<status status="PASS" starttime="20200410 15:38:28.917" endtime="20200410 15:38:28.917"></status>
</kw>
<kw name="Set Suite Variable" library="BuiltIn">
<doc>Makes a variable available everywhere within the scope of the current suite.</doc>
<arguments>
<arg>${browser}</arg>
<arg>${temp}</arg>
</arguments>
<msg timestamp="20200410 15:38:28.917" level="INFO">${browser} = edge</msg>
<status status="PASS" starttime="20200410 15:38:28.917" endtime="20200410 15:38:28.918"></status>
</kw>
<kw name="Read Excel Cell" library="ExcelLibrary">
<doc>Returns content of a cell.</doc>
<arguments>
<arg>2</arg>
<arg>3</arg>
<arg>Login</arg>
</arguments>
<assign>
<var>${temp}</var>
</assign>
<msg timestamp="20200410 15:38:28.918" level="INFO">${temp} = Compare the best insurance, credit cards, or loans in the Philippines | GoBear</msg>
<status status="PASS" starttime="20200410 15:38:28.918" endtime="20200410 15:38:28.918"></status>
</kw>
<kw name="Set Suite Variable" library="BuiltIn">
<doc>Makes a variable available everywhere within the scope of the current suite.</doc>
<arguments>
<arg>${title}</arg>
<arg>${temp}</arg>
</arguments>
<msg timestamp="20200410 15:38:28.919" level="INFO">${title} = Compare the best insurance, credit cards, or loans in the Philippines | GoBear</msg>
<status status="PASS" starttime="20200410 15:38:28.918" endtime="20200410 15:38:28.919"></status>
</kw>
<status status="PASS" starttime="20200410 15:38:28.915" endtime="20200410 15:38:28.919"></status>
</kw>
<status status="PASS" starttime="20200410 15:38:28.866" endtime="20200410 15:38:28.919" critical="yes"></status>
</test>
<test id="s1-t2" name="TC002 - Test Browser">
<kw name="BrowserTest" library="TestKeywords">
<arguments>
<arg>${site}</arg>
<arg>${browser}</arg>
<arg>${title}</arg>
</arguments>
<kw name="Open Browser" library="SeleniumLibrary">
<doc>Opens a new browser instance to the optional ``url``.</doc>
<arguments>
<arg>${site}</arg>
<arg>${browser}</arg>
</arguments>
<msg timestamp="20200410 15:38:28.923" level="INFO">Opening browser 'edge' to base url 'https://www.gobear.com/ph?x_session_type=UAT'.</msg>
<status status="PASS" starttime="20200410 15:38:28.922" endtime="20200410 15:38:35.735"></status>
</kw>
<kw name="Maximize Browser Window" library="SeleniumLibrary">
<doc>Maximizes current browser window.</doc>
<status status="PASS" starttime="20200410 15:38:35.735" endtime="20200410 15:38:39.887"></status>
</kw>
<kw name="Title Should Be" library="SeleniumLibrary">
<doc>Verifies that the current page title equals ``title``.</doc>
<arguments>
<arg>${title}</arg>
</arguments>
<msg timestamp="20200410 15:38:39.900" level="INFO">Page title is 'Compare the best insurance, credit cards, or loans in the Philippines | GoBear'.</msg>
<status status="PASS" starttime="20200410 15:38:39.888" endtime="20200410 15:38:39.900"></status>
</kw>
<status status="PASS" starttime="20200410 15:38:28.922" endtime="20200410 15:38:39.901"></status>
</kw>
<doc>Opening Browser and Navigating to Site</doc>
<status status="PASS" starttime="20200410 15:38:28.921" endtime="20200410 15:38:39.904" critical="yes"></status>
</test>
<test id="s1-t3" name="TC003 - Choose Insurance Tab">
<kw name="Click Item" library="TestKeywords">
<arguments>
<arg>//a[@href='#Insurance']</arg>
<arg>${timeout}</arg>
</arguments>
<kw name="Wait Element" library="TestKeywords">
<arguments>
<arg>${path}</arg>
<arg>${timeout}</arg>
</arguments>
<kw name="Wait Until Page Contains Element" library="SeleniumLibrary">
<doc>Waits until the element ``locator`` appears on the current page.</doc>
<arguments>
<arg>${locator}</arg>
<arg>${timeout}</arg>
<arg>Element not found | Page not loaded | ${timeout}</arg>
</arguments>
<status status="PASS" starttime="20200410 15:38:39.915" endtime="20200410 15:38:39.960"></status>
</kw>
<status status="PASS" starttime="20200410 15:38:39.914" endtime="20200410 15:38:39.961"></status>
</kw>
<kw name="Click Element" library="SeleniumLibrary">
<doc>Click the element identified by ``locator``.</doc>
<arguments>
<arg>${path}</arg>
</arguments>
<msg timestamp="20200410 15:38:39.961" level="INFO">Clicking element '//a[@href='#Insurance']'.</msg>
<status status="PASS" starttime="20200410 15:38:39.961" endtime="20200410 15:38:40.066"></status>
</kw>
<status status="PASS" starttime="20200410 15:38:39.912" endtime="20200410 15:38:40.066"></status>
</kw>
<kw name="Click Item" library="TestKeywords">
<arguments>
<arg>//a[@href='#Travel']</arg>
<arg>${timeout}</arg>
</arguments>
<kw name="Wait Element" library="TestKeywords">
<arguments>
<arg>${path}</arg>
<arg>${timeout}</arg>
</arguments>
<kw name="Wait Until Page Contains Element" library="SeleniumLibrary">
<doc>Waits until the element ``locator`` appears on the current page.</doc>
<arguments>
<arg>${locator}</arg>
<arg>${timeout}</arg>
<arg>Element not found | Page not loaded | ${timeout}</arg>
</arguments>
<status status="PASS" starttime="20200410 15:38:40.069" endtime="20200410 15:38:40.085"></status>
</kw>
<status status="PASS" starttime="20200410 15:38:40.068" endtime="20200410 15:38:40.085"></status>
</kw>
<kw name="Click Element" library="SeleniumLibrary">
<doc>Click the element identified by ``locator``.</doc>
<arguments>
<arg>${path}</arg>
</arguments>
<msg timestamp="20200410 15:38:40.086" level="INFO">Clicking element '//a[@href='#Travel']'.</msg>
<status status="PASS" starttime="20200410 15:38:40.085" endtime="20200410 15:38:40.233"></status>
</kw>
<status status="PASS" starttime="20200410 15:38:40.067" endtime="20200410 15:38:40.234"></status>
</kw>
<status status="PASS" starttime="20200410 15:38:39.910" endtime="20200410 15:38:40.234" critical="yes"></status>
</test>
<test id="s1-t4" name="TC004 - Choose Trip Type and Travel Plan">
<kw name="Click Item" library="TestKeywords">
<arguments>
<arg>//div[contains(text(),'looking for')]//button</arg>
<arg>${timeout}</arg>
</arguments>
<kw name="Wait Element" library="TestKeywords">
<arguments>
<arg>${path}</arg>
<arg>${timeout}</arg>
</arguments>
<kw name="Wait Until Page Contains Element" library="SeleniumLibrary">
<doc>Waits until the element ``locator`` appears on the current page.</doc>
<arguments>
<arg>${locator}</arg>
<arg>${timeout}</arg>
<arg>Element not found | Page not loaded | ${timeout}</arg>
</arguments>
<status status="PASS" starttime="20200410 15:38:40.239" endtime="20200410 15:38:40.465"></status>
</kw>
<status status="PASS" starttime="20200410 15:38:40.238" endtime="20200410 15:38:40.465"></status>
</kw>
<kw name="Click Element" library="SeleniumLibrary">
<doc>Click the element identified by ``locator``.</doc>
<arguments>
<arg>${path}</arg>
</arguments>
<msg timestamp="20200410 15:38:40.465" level="INFO">Clicking element '//div[contains(text(),'looking for')]//button'.</msg>
<status status="PASS" starttime="20200410 15:38:40.465" endtime="20200410 15:38:40.525"></status>
</kw>
<status status="PASS" starttime="20200410 15:38:40.237" endtime="20200410 15:38:40.525"></status>
</kw>
<kw name="Set Variable" library="BuiltIn">
<doc>Returns the given values which can then be assigned to a variables.</doc>
<arguments>
<arg>single trip</arg>
</arguments>
<assign>
<var>${trip-type}</var>
</assign>
<msg timestamp="20200410 15:38:40.526" level="INFO">${trip-type} = single trip</msg>
<status status="PASS" starttime="20200410 15:38:40.526" endtime="20200410 15:38:40.526"></status>
</kw>
<kw name="Choose Item From Dropdown List" library="TestKeywords">
<doc>Choosing Item from Dropdown List</doc>
<arguments>
<arg>//span[contains(text(), '${trip-type}')]//following::link</arg>
<arg>${timeout}</arg>
</arguments>
<kw name="Wait Until Page Contains Element" library="SeleniumLibrary">
<doc>Waits until the element ``locator`` appears on the current page.</doc>
<arguments>
<arg>${path}</arg>
<arg>${timeout}</arg>
<arg>Element not found | Page not loaded | ${timeout}</arg>
</arguments>
<status status="PASS" starttime="20200410 15:38:40.527" endtime="20200410 15:38:40.866"></status>
</kw>
<kw name="Click Element" library="SeleniumLibrary">
<doc>Click the element identified by ``locator``.</doc>
<arguments>
<arg>${path}</arg>
</arguments>
<msg timestamp="20200410 15:38:40.866" level="INFO">Clicking element '//span[contains(text(), 'single trip')]//following::link'.</msg>
<status status="PASS" starttime="20200410 15:38:40.866" endtime="20200410 15:38:41.002"></status>
</kw>
<status status="PASS" starttime="20200410 15:38:40.527" endtime="20200410 15:38:41.002"></status>
</kw>
<kw name="Click Item" library="TestKeywords">
<arguments>
<arg>//div[@data-gb-name='traveller']//button</arg>
<arg>${timeout}</arg>
</arguments>
<kw name="Wait Element" library="TestKeywords">
<arguments>
<arg>${path}</arg>
<arg>${timeout}</arg>
</arguments>
<kw name="Wait Until Page Contains Element" library="SeleniumLibrary">
<doc>Waits until the element ``locator`` appears on the current page.</doc>
<arguments>
<arg>${locator}</arg>
<arg>${timeout}</arg>
<arg>Element not found | Page not loaded | ${timeout}</arg>
</arguments>
<status status="PASS" starttime="20200410 15:38:41.004" endtime="20200410 15:38:41.036"></status>
</kw>
<status status="PASS" starttime="20200410 15:38:41.003" endtime="20200410 15:38:41.036"></status>
</kw>
<kw name="Click Element" library="SeleniumLibrary">
<doc>Click the element identified by ``locator``.</doc>
<arguments>
<arg>${path}</arg>
</arguments>
<msg timestamp="20200410 15:38:41.037" level="INFO">Clicking element '//div[@data-gb-name='traveller']//button'.</msg>
<status status="PASS" starttime="20200410 15:38:41.036" endtime="20200410 15:38:41.110"></status>
</kw>
<status status="PASS" starttime="20200410 15:38:41.003" endtime="20200410 15:38:41.110"></status>
</kw>
<kw name="Set Variable" library="BuiltIn">
<doc>Returns the given values which can then be assigned to a variables.</doc>
<arguments>
<arg>just me</arg>
</arguments>
<assign>
<var>${travel-plan}</var>
</assign>
<msg timestamp="20200410 15:38:41.112" level="INFO">${travel-plan} = just me</msg>
<status status="PASS" starttime="20200410 15:38:41.111" endtime="20200410 15:38:41.112"></status>
</kw>
<kw name="Choose Item From Dropdown List" library="TestKeywords">
<doc>Choosing Item from Dropdown List</doc>
<arguments>
<arg>//span[contains(text(), '${travel-plan}')]//following::link</arg>
<arg>${timeout}</arg>
</arguments>
<kw name="Wait Until Page Contains Element" library="SeleniumLibrary">
<doc>Waits until the element ``locator`` appears on the current page.</doc>
<arguments>
<arg>${path}</arg>
<arg>${timeout}</arg>
<arg>Element not found | Page not loaded | ${timeout}</arg>
</arguments>
<status status="PASS" starttime="20200410 15:38:41.113" endtime="20200410 15:38:41.150"></status>
</kw>
<kw name="Click Element" library="SeleniumLibrary">
<doc>Click the element identified by ``locator``.</doc>
<arguments>
<arg>${path}</arg>
</arguments>
<msg timestamp="20200410 15:38:41.150" level="INFO">Clicking element '//span[contains(text(), 'just me')]//following::link'.</msg>
<status status="PASS" starttime="20200410 15:38:41.150" endtime="20200410 15:38:41.223"></status>
</kw>
<status status="PASS" starttime="20200410 15:38:41.113" endtime="20200410 15:38:41.223"></status>
</kw>
<kw name="Click Item" library="TestKeywords">
<arguments>
<arg>//div[contains(text(),'going to')]//button</arg>
<arg>${timeout}</arg>
</arguments>
<kw name="Wait Element" library="TestKeywords">
<arguments>
<arg>${path}</arg>
<arg>${timeout}</arg>
</arguments>
<kw name="Wait Until Page Contains Element" library="SeleniumLibrary">
<doc>Waits until the element ``locator`` appears on the current page.</doc>
<arguments>
<arg>${locator}</arg>
<arg>${timeout}</arg>
<arg>Element not found | Page not loaded | ${timeout}</arg>
</arguments>
<status status="PASS" starttime="20200410 15:38:41.225" endtime="20200410 15:38:41.256"></status>
</kw>
<status status="PASS" starttime="20200410 15:38:41.224" endtime="20200410 15:38:41.256"></status>
</kw>
<kw name="Click Element" library="SeleniumLibrary">
<doc>Click the element identified by ``locator``.</doc>
<arguments>
<arg>${path}</arg>
</arguments>
<msg timestamp="20200410 15:38:41.256" level="INFO">Clicking element '//div[contains(text(),'going to')]//button'.</msg>
<status status="PASS" starttime="20200410 15:38:41.256" endtime="20200410 15:38:41.394"></status>
</kw>
<status status="PASS" starttime="20200410 15:38:41.224" endtime="20200410 15:38:41.394"></status>
</kw>
<kw name="Set Variable" library="BuiltIn">
<doc>Returns the given values which can then be assigned to a variables.</doc>
<arguments>
<arg>Philippines</arg>
</arguments>
<assign>
<var>${country}</var>
</assign>
<msg timestamp="20200410 15:38:41.396" level="INFO">${country} = Philippines</msg>
<status status="PASS" starttime="20200410 15:38:41.395" endtime="20200410 15:38:41.396"></status>
</kw>
<kw name="Choose Item From Dropdown List" library="TestKeywords">
<doc>Choosing Item from Dropdown List</doc>
<arguments>
<arg>//span[contains(text(), '${country}')]//following::link</arg>
<arg>${timeout}</arg>
</arguments>
<kw name="Wait Until Page Contains Element" library="SeleniumLibrary">
<doc>Waits until the element ``locator`` appears on the current page.</doc>
<arguments>
<arg>${path}</arg>
<arg>${timeout}</arg>
<arg>Element not found | Page not loaded | ${timeout}</arg>
</arguments>
<status status="PASS" starttime="20200410 15:38:41.397" endtime="20200410 15:38:41.425"></status>
</kw>
<kw name="Click Element" library="SeleniumLibrary">
<doc>Click the element identified by ``locator``.</doc>
<arguments>
<arg>${path}</arg>
</arguments>
<msg timestamp="20200410 15:38:41.425" level="INFO">Clicking element '//span[contains(text(), 'Philippines')]//following::link'.</msg>
<status status="PASS" starttime="20200410 15:38:41.425" endtime="20200410 15:38:41.573"></status>
</kw>
<status status="PASS" starttime="20200410 15:38:41.396" endtime="20200410 15:38:41.573"></status>
</kw>
<kw name="Set Variable" library="BuiltIn">
<doc>Returns the given values which can then be assigned to a variables.</doc>
<arguments>
<arg>23</arg>
</arguments>
<assign>
<var>${date-from}</var>
</assign>
<msg timestamp="20200410 15:38:41.575" level="INFO">${date-from} = 23</msg>
<status status="PASS" starttime="20200410 15:38:41.575" endtime="20200410 15:38:41.575"></status>
</kw>
<kw name="Set Variable" library="BuiltIn">
<doc>Returns the given values which can then be assigned to a variables.</doc>
<arguments>
<arg>30</arg>
</arguments>
<assign>
<var>${date-to}</var>
</assign>
<msg timestamp="20200410 15:38:41.576" level="INFO">${date-to} = 30</msg>
<status status="PASS" starttime="20200410 15:38:41.576" endtime="20200410 15:38:41.576"></status>
</kw>
<kw name="Click Item" library="TestKeywords">
<arguments>
<arg>//div[@class='date-from']</arg>
<arg>10s</arg>
</arguments>
<kw name="Wait Element" library="TestKeywords">
<arguments>
<arg>${path}</arg>
<arg>${timeout}</arg>
</arguments>
<kw name="Wait Until Page Contains Element" library="SeleniumLibrary">
<doc>Waits until the element ``locator`` appears on the current page.</doc>
<arguments>
<arg>${locator}</arg>
<arg>${timeout}</arg>
<arg>Element not found | Page not loaded | ${timeout}</arg>
</arguments>
<status status="PASS" starttime="20200410 15:38:41.579" endtime="20200410 15:38:41.599"></status>
</kw>
<status status="PASS" starttime="20200410 15:38:41.578" endtime="20200410 15:38:41.601"></status>
</kw>
<kw name="Click Element" library="SeleniumLibrary">
<doc>Click the element identified by ``locator``.</doc>
<arguments>
<arg>${path}</arg>
</arguments>
<msg timestamp="20200410 15:38:41.601" level="INFO">Clicking element '//div[@class='date-from']'.</msg>
<status status="PASS" starttime="20200410 15:38:41.601" endtime="20200410 15:38:41.716"></status>
</kw>
<status status="PASS" starttime="20200410 15:38:41.577" endtime="20200410 15:38:41.717"></status>
</kw>
<kw name="Click Item" library="TestKeywords">
<arguments>
<arg>//tbody//td[(text()='29' and @class!='old disabled day') and (text()='29' and @class!='new day') and (text()='29' and @class!='old day')]</arg>
<arg>10s</arg>
</arguments>
<kw name="Wait Element" library="TestKeywords">
<arguments>
<arg>${path}</arg>
<arg>${timeout}</arg>
</arguments>
<kw name="Wait Until Page Contains Element" library="SeleniumLibrary">
<doc>Waits until the element ``locator`` appears on the current page.</doc>
<arguments>
<arg>${locator}</arg>
<arg>${timeout}</arg>
<arg>Element not found | Page not loaded | ${timeout}</arg>
</arguments>
<status status="PASS" starttime="20200410 15:38:41.719" endtime="20200410 15:38:41.738"></status>
</kw>
<status status="PASS" starttime="20200410 15:38:41.718" endtime="20200410 15:38:41.738"></status>
</kw>
<kw name="Click Element" library="SeleniumLibrary">
<doc>Click the element identified by ``locator``.</doc>
<arguments>
<arg>${path}</arg>
</arguments>
<msg timestamp="20200410 15:38:41.738" level="INFO">Clicking element '//tbody//td[(text()='29' and @class!='old disabled day') and (text()='29' and @class!='new day') and (text()='29' and @class!='old day')]'.</msg>
<status status="PASS" starttime="20200410 15:38:41.738" endtime="20200410 15:38:41.904"></status>
</kw>
<status status="PASS" starttime="20200410 15:38:41.718" endtime="20200410 15:38:41.904"></status>
</kw>
<kw name="Click Item" library="TestKeywords">
<arguments>
<arg>//div[@class='date-to']</arg>
<arg>10s</arg>
</arguments>
<kw name="Wait Element" library="TestKeywords">
<arguments>
<arg>${path}</arg>
<arg>${timeout}</arg>
</arguments>
<kw name="Wait Until Page Contains Element" library="SeleniumLibrary">
<doc>Waits until the element ``locator`` appears on the current page.</doc>
<arguments>
<arg>${locator}</arg>
<arg>${timeout}</arg>
<arg>Element not found | Page not loaded | ${timeout}</arg>
</arguments>
<status status="PASS" starttime="20200410 15:38:41.906" endtime="20200410 15:38:41.925"></status>
</kw>
<status status="PASS" starttime="20200410 15:38:41.906" endtime="20200410 15:38:41.925"></status>
</kw>
<kw name="Click Element" library="SeleniumLibrary">
<doc>Click the element identified by ``locator``.</doc>
<arguments>
<arg>${path}</arg>
</arguments>
<msg timestamp="20200410 15:38:41.925" level="INFO">Clicking element '//div[@class='date-to']'.</msg>
<status status="PASS" starttime="20200410 15:38:41.925" endtime="20200410 15:38:42.037"></status>
</kw>
<status status="PASS" starttime="20200410 15:38:41.905" endtime="20200410 15:38:42.037"></status>
</kw>
<kw name="Click Item" library="TestKeywords">
<arguments>
<arg>//tbody//td[(text()='29' and @class!='old disabled day') and (text()='29' and @class!='new day') and (text()='29' and @class!='old day')]</arg>
<arg>10s</arg>
</arguments>
<kw name="Wait Element" library="TestKeywords">
<arguments>
<arg>${path}</arg>
<arg>${timeout}</arg>
</arguments>
<kw name="Wait Until Page Contains Element" library="SeleniumLibrary">
<doc>Waits until the element ``locator`` appears on the current page.</doc>
<arguments>
<arg>${locator}</arg>
<arg>${timeout}</arg>
<arg>Element not found | Page not loaded | ${timeout}</arg>
</arguments>
<status status="PASS" starttime="20200410 15:38:42.039" endtime="20200410 15:38:42.056"></status>
</kw>
<status status="PASS" starttime="20200410 15:38:42.039" endtime="20200410 15:38:42.056"></status>
</kw>
<kw name="Click Element" library="SeleniumLibrary">
<doc>Click the element identified by ``locator``.</doc>
<arguments>
<arg>${path}</arg>
</arguments>
<msg timestamp="20200410 15:38:42.056" level="INFO">Clicking element '//tbody//td[(text()='29' and @class!='old disabled day') and (text()='29' and @class!='new day') and (text()='29' and @class!='old day')]'.</msg>
<status status="PASS" starttime="20200410 15:38:42.056" endtime="20200410 15:38:42.172"></status>
</kw>
<status status="PASS" starttime="20200410 15:38:42.038" endtime="20200410 15:38:42.173"></status>
</kw>
<status status="PASS" starttime="20200410 15:38:40.236" endtime="20200410 15:38:42.174" critical="yes"></status>
</test>
<test id="s1-t5" name="TC005 - Search Insurance">
<kw name="Click Item" library="TestKeywords">
<arguments>
<arg>//button[contains(text(),'Show my results')]</arg>
<arg>${timeout}</arg>
</arguments>
<kw name="Wait Element" library="TestKeywords">
<arguments>
<arg>${path}</arg>
<arg>${timeout}</arg>
</arguments>
<kw name="Wait Until Page Contains Element" library="SeleniumLibrary">
<doc>Waits until the element ``locator`` appears on the current page.</doc>
<arguments>
<arg>${locator}</arg>
<arg>${timeout}</arg>
<arg>Element not found | Page not loaded | ${timeout}</arg>
</arguments>
<status status="PASS" starttime="20200410 15:38:42.179" endtime="20200410 15:38:42.195"></status>
</kw>
<status status="PASS" starttime="20200410 15:38:42.178" endtime="20200410 15:38:42.195"></status>
</kw>
<kw name="Click Element" library="SeleniumLibrary">
<doc>Click the element identified by ``locator``.</doc>
<arguments>
<arg>${path}</arg>
</arguments>
<msg timestamp="20200410 15:38:42.196" level="INFO">Clicking element '//button[contains(text(),'Show my results')]'.</msg>
<status status="PASS" starttime="20200410 15:38:42.195" endtime="20200410 15:38:42.368"></status>
</kw>
<status status="PASS" starttime="20200410 15:38:42.177" endtime="20200410 15:38:42.369"></status>
</kw>
<kw name="Sleep" library="BuiltIn">
<doc>Pauses the test executed for the given time.</doc>
<arguments>
<arg>5s</arg>
</arguments>
<msg timestamp="20200410 15:38:47.371" level="INFO">Slept 5 seconds</msg>
<status status="PASS" starttime="20200410 15:38:42.370" endtime="20200410 15:38:47.371"></status>
</kw>
<status status="PASS" starttime="20200410 15:38:42.176" endtime="20200410 15:38:47.372" critical="yes"></status>
</test>
<test id="s1-t6" name="TC006 - Filter Insurers">
<kw name="Set Variable" library="BuiltIn">
<doc>Returns the given values which can then be assigned to a variables.</doc>
<arguments>
<arg>FPG Insurance</arg>
</arguments>
<assign>
<var>${insurers}</var>
</assign>
<msg timestamp="20200410 15:38:47.377" level="INFO">${insurers} = FPG Insurance</msg>
<status status="PASS" starttime="20200410 15:38:47.376" endtime="20200410 15:38:47.377"></status>
</kw>
<kw name="Click Item" library="TestKeywords">
<arguments>
<arg>//label[contains(text(),'${insurers}')]</arg>
<arg>${timeout}</arg>
</arguments>
<kw name="Wait Element" library="TestKeywords">
<arguments>
<arg>${path}</arg>
<arg>${timeout}</arg>
</arguments>
<kw name="Wait Until Page Contains Element" library="SeleniumLibrary">
<doc>Waits until the element ``locator`` appears on the current page.</doc>
<arguments>
<arg>${locator}</arg>
<arg>${timeout}</arg>
<arg>Element not found | Page not loaded | ${timeout}</arg>
</arguments>
<status status="PASS" starttime="20200410 15:38:47.378" endtime="20200410 15:38:47.410"></status>
</kw>
<status status="PASS" starttime="20200410 15:38:47.378" endtime="20200410 15:38:47.411"></status>
</kw>
<kw name="Click Element" library="SeleniumLibrary">
<doc>Click the element identified by ``locator``.</doc>
<arguments>
<arg>${path}</arg>
</arguments>
<msg timestamp="20200410 15:38:47.411" level="INFO">Clicking element '//label[contains(text(),'FPG Insurance')]'.</msg>
<status status="PASS" starttime="20200410 15:38:47.411" endtime="20200410 15:38:47.573"></status>
</kw>
<status status="PASS" starttime="20200410 15:38:47.378" endtime="20200410 15:38:47.573"></status>
</kw>
<kw name="Checkbox Should Be Selected" library="SeleniumLibrary">
<doc>Verifies checkbox ``locator`` is selected/checked.</doc>
<arguments>
<arg>//label[contains(text(),'${insurers}')]//preceding::input[@type='checkbox']</arg>
</arguments>
<msg timestamp="20200410 15:38:47.574" level="INFO">Verifying checkbox '//label[contains(text(),'FPG Insurance')]//preceding::input[@type='checkbox']' is selected.</msg>
<status status="PASS" starttime="20200410 15:38:47.574" endtime="20200410 15:38:47.623"></status>
</kw>
<kw name="Click Item" library="TestKeywords">
<arguments>
<arg>//a[contains(text(),'SEE MORE')]//link</arg>
<arg>${timeout}</arg>
</arguments>
<kw name="Wait Element" library="TestKeywords">
<arguments>
<arg>${path}</arg>
<arg>${timeout}</arg>
</arguments>
<kw name="Wait Until Page Contains Element" library="SeleniumLibrary">
<doc>Waits until the element ``locator`` appears on the current page.</doc>
<arguments>
<arg>${locator}</arg>
<arg>${timeout}</arg>
<arg>Element not found | Page not loaded | ${timeout}</arg>
</arguments>
<status status="PASS" starttime="20200410 15:38:47.625" endtime="20200410 15:38:47.640"></status>
</kw>
<status status="PASS" starttime="20200410 15:38:47.624" endtime="20200410 15:38:47.640"></status>
</kw>
<kw name="Click Element" library="SeleniumLibrary">
<doc>Click the element identified by ``locator``.</doc>
<arguments>
<arg>${path}</arg>
</arguments>
<msg timestamp="20200410 15:38:47.640" level="INFO">Clicking element '//a[contains(text(),'SEE MORE')]//link'.</msg>
<status status="PASS" starttime="20200410 15:38:47.640" endtime="20200410 15:38:47.740"></status>
</kw>
<status status="PASS" starttime="20200410 15:38:47.624" endtime="20200410 15:38:47.740"></status>
</kw>
<kw name="Drag And Drop By Offset" library="SeleniumLibrary">
<doc>Drags the element identified with ``locator`` by ``xoffset/yoffset``.</doc>
<arguments>
<arg>//label[contains(text(),'Personal Accident')]//following-sibling::div//div[@role='slider']</arg>
<arg>50</arg>
<arg>0</arg>
</arguments>
<status status="PASS" starttime="20200410 15:38:47.741" endtime="20200410 15:38:48.364"></status>
</kw>
<status status="PASS" starttime="20200410 15:38:47.375" endtime="20200410 15:38:48.365" critical="yes"></status>
</test>
<test id="s1-t7" name="TC007 - Sort Insurers">
<kw name="Set Variable" library="BuiltIn">
<doc>Returns the given values which can then be assigned to a variables.</doc>
<arguments>
<arg>Price: Low to high</arg>
</arguments>
<assign>
<var>${sort-by}</var>
</assign>
<msg timestamp="20200410 15:38:48.370" level="INFO">${sort-by} = Price: Low to high</msg>
<status status="PASS" starttime="20200410 15:38:48.369" endtime="20200410 15:38:48.370"></status>
</kw>
<kw name="Click Item" library="TestKeywords">
<arguments>
<arg>//input//following::label[contains(text(),'${sort-by}')]</arg>
<arg>${timeout}</arg>
</arguments>
<kw name="Wait Element" library="TestKeywords">
<arguments>
<arg>${path}</arg>
<arg>${timeout}</arg>
</arguments>
<kw name="Wait Until Page Contains Element" library="SeleniumLibrary">
<doc>Waits until the element ``locator`` appears on the current page.</doc>
<arguments>
<arg>${locator}</arg>
<arg>${timeout}</arg>
<arg>Element not found | Page not loaded | ${timeout}</arg>
</arguments>
<status status="PASS" starttime="20200410 15:38:48.371" endtime="20200410 15:38:48.387"></status>
</kw>
<status status="PASS" starttime="20200410 15:38:48.371" endtime="20200410 15:38:48.388"></status>
</kw>
<kw name="Click Element" library="SeleniumLibrary">
<doc>Click the element identified by ``locator``.</doc>
<arguments>
<arg>${path}</arg>
</arguments>
<msg timestamp="20200410 15:38:48.388" level="INFO">Clicking element '//input//following::label[contains(text(),'Price: Low to high')]'.</msg>
<status status="PASS" starttime="20200410 15:38:48.388" endtime="20200410 15:38:48.552"></status>
</kw>
<status status="PASS" starttime="20200410 15:38:48.370" endtime="20200410 15:38:48.552"></status>
</kw>
<status status="PASS" starttime="20200410 15:38:48.368" endtime="20200410 15:38:48.553" critical="yes"></status>
</test>
<test id="s1-t8" name="TC008 - Detailed Insurers">
<kw name="Click Item" library="TestKeywords">
<arguments>
<arg>//div[label[contains(text(),'DESTINATION')]]//following::button</arg>
<arg>${timeout}</arg>
</arguments>
<kw name="Wait Element" library="TestKeywords">
<arguments>
<arg>${path}</arg>
<arg>${timeout}</arg>
</arguments>
<kw name="Wait Until Page Contains Element" library="SeleniumLibrary">
<doc>Waits until the element ``locator`` appears on the current page.</doc>
<arguments>
<arg>${locator}</arg>
<arg>${timeout}</arg>
<arg>Element not found | Page not loaded | ${timeout}</arg>
</arguments>
<status status="PASS" starttime="20200410 15:38:48.563" endtime="20200410 15:38:48.655"></status>
</kw>
<status status="PASS" starttime="20200410 15:38:48.561" endtime="20200410 15:38:48.655"></status>
</kw>
<kw name="Click Element" library="SeleniumLibrary">
<doc>Click the element identified by ``locator``.</doc>
<arguments>
<arg>${path}</arg>
</arguments>
<msg timestamp="20200410 15:38:48.656" level="INFO">Clicking element '//div[label[contains(text(),'DESTINATION')]]//following::button'.</msg>
<status status="PASS" starttime="20200410 15:38:48.655" endtime="20200410 15:38:48.845"></status>
</kw>
<status status="PASS" starttime="20200410 15:38:48.560" endtime="20200410 15:38:48.845"></status>
</kw>
<kw name="Set Variable" library="BuiltIn">
<doc>Returns the given values which can then be assigned to a variables.</doc>
<arguments>
<arg>Thailand</arg>
</arguments>
<assign>
<var>${country}</var>
</assign>
<msg timestamp="20200410 15:38:48.847" level="INFO">${country} = Thailand</msg>
<status status="PASS" starttime="20200410 15:38:48.847" endtime="20200410 15:38:48.848"></status>
</kw>
<kw name="Choose Item From Dropdown List" library="TestKeywords">
<doc>Choosing Item from Dropdown List</doc>
<arguments>
<arg>//span[contains(text(), '${country}')]//following::link</arg>
<arg>${timeout}</arg>
</arguments>
<kw name="Wait Until Page Contains Element" library="SeleniumLibrary">
<doc>Waits until the element ``locator`` appears on the current page.</doc>
<arguments>
<arg>${path}</arg>
<arg>${timeout}</arg>
<arg>Element not found | Page not loaded | ${timeout}</arg>
</arguments>
<status status="PASS" starttime="20200410 15:38:48.849" endtime="20200410 15:38:48.953"></status>
</kw>
<kw name="Click Element" library="SeleniumLibrary">
<doc>Click the element identified by ``locator``.</doc>
<arguments>
<arg>${path}</arg>
</arguments>
<msg timestamp="20200410 15:38:48.954" level="INFO">Clicking element '//span[contains(text(), 'Thailand')]//following::link'.</msg>
<status status="PASS" starttime="20200410 15:38:48.954" endtime="20200410 15:38:49.171"></status>
</kw>
<status status="PASS" starttime="20200410 15:38:48.848" endtime="20200410 15:38:49.171"></status>
</kw>
<kw name="Set Variable" library="BuiltIn">
<doc>Returns the given values which can then be assigned to a variables.</doc>
<arguments>
<arg>18</arg>
</arguments>
<assign>
<var>${date-from}</var>
</assign>
<msg timestamp="20200410 15:38:49.172" level="INFO">${date-from} = 18</msg>
<status status="PASS" starttime="20200410 15:38:49.172" endtime="20200410 15:38:49.172"></status>
</kw>
<kw name="Set Variable" library="BuiltIn">
<doc>Returns the given values which can then be assigned to a variables.</doc>
<arguments>
<arg>27</arg>
</arguments>
<assign>
<var>${date-to}</var>
</assign>
<msg timestamp="20200410 15:38:49.173" level="INFO">${date-to} = 27</msg>
<status status="PASS" starttime="20200410 15:38:49.173" endtime="20200410 15:38:49.173"></status>
</kw>
<kw name="Click Item" library="TestKeywords">
<arguments>
<arg>//div[@class='date-from']</arg>
<arg>10s</arg>
</arguments>
<kw name="Wait Element" library="TestKeywords">
<arguments>
<arg>${path}</arg>
<arg>${timeout}</arg>
</arguments>
<kw name="Wait Until Page Contains Element" library="SeleniumLibrary">
<doc>Waits until the element ``locator`` appears on the current page.</doc>
<arguments>
<arg>${locator}</arg>
<arg>${timeout}</arg>
<arg>Element not found | Page not loaded | ${timeout}</arg>
</arguments>
<status status="PASS" starttime="20200410 15:38:49.174" endtime="20200410 15:38:49.333"></status>
</kw>
<status status="PASS" starttime="20200410 15:38:49.174" endtime="20200410 15:38:49.333"></status>
</kw>
<kw name="Click Element" library="SeleniumLibrary">
<doc>Click the element identified by ``locator``.</doc>
<arguments>
<arg>${path}</arg>
</arguments>
<msg timestamp="20200410 15:38:49.334" level="INFO">Clicking element '//div[@class='date-from']'.</msg>
<status status="PASS" starttime="20200410 15:38:49.333" endtime="20200410 15:38:49.466"></status>
</kw>
<status status="PASS" starttime="20200410 15:38:49.173" endtime="20200410 15:38:49.466"></status>
</kw>
<kw name="Click Item" library="TestKeywords">
<arguments>
<arg>//tbody//td[(text()='29' and @class!='old disabled day') and (text()='29' and @class!='new day') and (text()='29' and @class!='old day')]</arg>
<arg>10s</arg>
</arguments>
<kw name="Wait Element" library="TestKeywords">
<arguments>
<arg>${path}</arg>
<arg>${timeout}</arg>
</arguments>
<kw name="Wait Until Page Contains Element" library="SeleniumLibrary">
<doc>Waits until the element ``locator`` appears on the current page.</doc>
<arguments>
<arg>${locator}</arg>
<arg>${timeout}</arg>
<arg>Element not found | Page not loaded | ${timeout}</arg>
</arguments>
<status status="PASS" starttime="20200410 15:38:49.469" endtime="20200410 15:38:49.483"></status>
</kw>
<status status="PASS" starttime="20200410 15:38:49.468" endtime="20200410 15:38:49.483"></status>
</kw>
<kw name="Click Element" library="SeleniumLibrary">
<doc>Click the element identified by ``locator``.</doc>
<arguments>
<arg>${path}</arg>
</arguments>
<msg timestamp="20200410 15:38:49.483" level="INFO">Clicking element '//tbody//td[(text()='29' and @class!='old disabled day') and (text()='29' and @class!='new day') and (text()='29' and @class!='old day')]'.</msg>
<status status="PASS" starttime="20200410 15:38:49.483" endtime="20200410 15:38:50.014"></status>
</kw>
<status status="PASS" starttime="20200410 15:38:49.468" endtime="20200410 15:38:50.014"></status>
</kw>
<kw name="Click Item" library="TestKeywords">
<arguments>
<arg>//div[@class='date-to']</arg>
<arg>10s</arg>
</arguments>
<kw name="Wait Element" library="TestKeywords">
<arguments>
<arg>${path}</arg>
<arg>${timeout}</arg>
</arguments>
<kw name="Wait Until Page Contains Element" library="SeleniumLibrary">
<doc>Waits until the element ``locator`` appears on the current page.</doc>
<arguments>
<arg>${locator}</arg>
<arg>${timeout}</arg>
<arg>Element not found | Page not loaded | ${timeout}</arg>
</arguments>
<status status="PASS" starttime="20200410 15:38:50.016" endtime="20200410 15:38:50.156"></status>
</kw>
<status status="PASS" starttime="20200410 15:38:50.015" endtime="20200410 15:38:50.156"></status>
</kw>
<kw name="Click Element" library="SeleniumLibrary">
<doc>Click the element identified by ``locator``.</doc>
<arguments>
<arg>${path}</arg>
</arguments>
<msg timestamp="20200410 15:38:50.157" level="INFO">Clicking element '//div[@class='date-to']'.</msg>
<status status="PASS" starttime="20200410 15:38:50.156" endtime="20200410 15:38:50.310"></status>
</kw>
<status status="PASS" starttime="20200410 15:38:50.015" endtime="20200410 15:38:50.311"></status>
</kw>
<kw name="Click Item" library="TestKeywords">
<arguments>
<arg>//tbody//td[(text()='29' and @class!='old disabled day') and (text()='29' and @class!='new day') and (text()='29' and @class!='old day')]</arg>
<arg>10s</arg>
</arguments>
<kw name="Wait Element" library="TestKeywords">
<arguments>
<arg>${path}</arg>
<arg>${timeout}</arg>
</arguments>
<kw name="Wait Until Page Contains Element" library="SeleniumLibrary">
<doc>Waits until the element ``locator`` appears on the current page.</doc>
<arguments>
<arg>${locator}</arg>
<arg>${timeout}</arg>
<arg>Element not found | Page not loaded | ${timeout}</arg>
</arguments>
<status status="PASS" starttime="20200410 15:38:50.314" endtime="20200410 15:38:50.327"></status>
</kw>
<status status="PASS" starttime="20200410 15:38:50.313" endtime="20200410 15:38:50.327"></status>
</kw>
<kw name="Click Element" library="SeleniumLibrary">
<doc>Click the element identified by ``locator``.</doc>
<arguments>
<arg>${path}</arg>
</arguments>
<msg timestamp="20200410 15:38:50.328" level="INFO">Clicking element '//tbody//td[(text()='29' and @class!='old disabled day') and (text()='29' and @class!='new day') and (text()='29' and @class!='old day')]'.</msg>
<status status="PASS" starttime="20200410 15:38:50.327" endtime="20200410 15:38:50.527"></status>
</kw>
<status status="PASS" starttime="20200410 15:38:50.313" endtime="20200410 15:38:50.528"></status>
</kw>
<status status="PASS" starttime="20200410 15:38:48.558" endtime="20200410 15:38:50.529" critical="yes"></status>
</test>
<status status="PASS" starttime="20200410 15:38:27.971" endtime="20200410 15:38:50.537"></status>
</suite>
<statistics>
<total>
<stat pass="8" fail="0">Critical Tests</stat>
<stat pass="8" fail="0">All Tests</stat>
</total>
<tag>
</tag>
<suite>
<stat pass="8" fail="0" id="s1" name="GoBear">GoBear</stat>
</suite>
</statistics>
<errors>
</errors>
</robot>
